<?xml version="1.0" encoding="UTF-8"?>
<robot generator="Robot 7.0.1 (Python 3.12.2 on win32)" generated="2024-09-14T19:20:51.278064" rpa="false" schemaversion="5">
<suite id="s1" name="DropDown" source="C:\Users\nozak\OneDrive\Pulpit\robotFW\Testcases\DropDown.robot">
<test id="s1-t1" name="Test1" line="10">
<kw name="Open Browser" owner="SeleniumLibrary">
<msg time="2024-09-14T19:20:51.424075" level="INFO">Opening browser 'Firefox' to base url 'C:\Users\nozak\OneDrive\Pulpit\robotFW\app\index.html'.</msg>
<arg>${URL}</arg>
<arg>${browser}</arg>
<doc>Opens a new browser instance to the optional ``url``.</doc>
<status status="PASS" start="2024-09-14T19:20:51.424075" elapsed="5.710759"/>
</kw>
<kw name="Maximize Browser Window" owner="SeleniumLibrary">
<doc>Maximizes current browser window.</doc>
<status status="PASS" start="2024-09-14T19:20:57.134834" elapsed="0.286703"/>
</kw>
<kw name="Set Selenium Speed" owner="SeleniumLibrary">
<arg>0.5s</arg>
<doc>Sets the delay that is waited after each Selenium command.</doc>
<status status="PASS" start="2024-09-14T19:20:57.422796" elapsed="0.000000"/>
</kw>
<kw name="Click Link" owner="SeleniumLibrary">
<msg time="2024-09-14T19:20:57.424139" level="INFO">Clicking link 'xpath:/html/body/header/nav/a[3]'.</msg>
<arg>xpath:/html/body/header/nav/a[3]</arg>
<doc>Clicks a link identified by ``locator``.</doc>
<status status="PASS" start="2024-09-14T19:20:57.423923" elapsed="1.562147"/>
</kw>
<kw name="Select From List By Label" owner="SeleniumLibrary">
<msg time="2024-09-14T19:20:58.986070" level="INFO">Selecting options from selection list 'xpath:/html/body/main/form/select' by label francuska.</msg>
<arg>xpath:/html/body/main/form/select</arg>
<arg>francuska</arg>
<doc>Selects options from selection list ``locator`` by ``labels``.</doc>
<status status="PASS" start="2024-09-14T19:20:58.986070" elapsed="4.265268"/>
</kw>
<kw name="Close Browser" owner="SeleniumLibrary">
<doc>Closes the current browser.</doc>
<status status="PASS" start="2024-09-14T19:21:03.251338" elapsed="3.153967"/>
</kw>
<status status="PASS" start="2024-09-14T19:20:51.422856" elapsed="14.983559"/>
</test>
<status status="PASS" start="2024-09-14T19:20:51.279074" elapsed="15.130335"/>
</suite>
<statistics>
<total>
<stat pass="1" fail="0" skip="0">All Tests</stat>
</total>
<tag>
</tag>
<suite>
<stat pass="1" fail="0" skip="0" id="s1" name="DropDown">DropDown</stat>
</suite>
</statistics>
<errors>
</errors>
</robot>
